# JRE version: Java(TM) SE Runtime Environment (8.0_171-b11) (build 1.8.0_171-b11)
# Java VM: Java HotSpot(TM) 64-Bit Server VM (25.171-b11 mixed mode windows-amd64 compressed oops)
Heap:
 PSYoungGen      total 21504K, used 8990K [0x00000000ebb80000, 0x00000000ed400000, 0x0000000100000000)
  eden space 17920K, 42% used [0x00000000ebb80000,0x00000000ec2dfb90,0x00000000ecd00000)
  from space 3584K, 40% used [0x00000000ed080000,0x00000000ed1e8010,0x00000000ed400000)
  to   space 3584K, 0% used [0x00000000ecd00000,0x00000000ecd00000,0x00000000ed080000)
 ParOldGen       total 33792K, used 6095K [0x00000000c3200000, 0x00000000c5300000, 0x00000000ebb80000)
  object space 33792K, 18% used [0x00000000c3200000,0x00000000c37f3f78,0x00000000c5300000)
 Metaspace       used 22088K, capacity 23020K, committed 23296K, reserved 1069056K
  class space    used 2810K, capacity 3002K, committed 3072K, reserved 1048576K
GC Heap History (10 events):
Event: 72.883 GC heap before
{Heap before GC invocations=19 (full 0):
 PSYoungGen      total 19456K, used 7820K [0x00000000ebb80000, 0x00000000ed280000, 0x0000000100000000)
  eden space 15360K, 46% used [0x00000000ebb80000,0x00000000ec27efd8,0x00000000eca80000)
  from space 4096K, 16% used [0x00000000ece80000,0x00000000ecf24410,0x00000000ed280000)
  to   space 4096K, 0% used [0x00000000eca80000,0x00000000eca80000,0x00000000ece80000)
 ParOldGen       total 42496K, used 7727K [0x00000000c3200000, 0x00000000c5b80000, 0x00000000ebb80000)
  object space 42496K, 18% used [0x00000000c3200000,0x00000000c398bc48,0x00000000c5b80000)
 Metaspace       used 20444K, capacity 21148K, committed 21248K, reserved 1067008K
  class space    used 2570K, capacity 2750K, committed 2816K, reserved 1048576K
Event: 72.889 GC heap after
Heap after GC invocations=19 (full 0):
 PSYoungGen      total 19456K, used 288K [0x00000000ebb80000, 0x00000000ed280000, 0x0000000100000000)
  eden space 15360K, 0% used [0x00000000ebb80000,0x00000000ebb80000,0x00000000eca80000)
  from space 4096K, 7% used [0x00000000eca80000,0x00000000ecac8000,0x00000000ece80000)
  to   space 4096K, 0% used [0x00000000ece80000,0x00000000ece80000,0x00000000ed280000)
 ParOldGen       total 42496K, used 7911K [0x00000000c3200000, 0x00000000c5b80000, 0x00000000ebb80000)
  object space 42496K, 18% used [0x00000000c3200000,0x00000000c39b9c48,0x00000000c5b80000)
 Metaspace       used 20444K, capacity 21148K, committed 21248K, reserved 1067008K
  class space    used 2570K, capacity 2750K, committed 2816K, reserved 1048576K
}
Event: 72.889 GC heap before
{Heap before GC invocations=20 (full 1):
 PSYoungGen      total 19456K, used 288K [0x00000000ebb80000, 0x00000000ed280000, 0x0000000100000000)
  eden space 15360K, 0% used [0x00000000ebb80000,0x00000000ebb80000,0x00000000eca80000)
  from space 4096K, 7% used [0x00000000eca80000,0x00000000ecac8000,0x00000000ece80000)
  to   space 4096K, 0% used [0x00000000ece80000,0x00000000ece80000,0x00000000ed280000)
 ParOldGen       total 42496K, used 7911K [0x00000000c3200000, 0x00000000c5b80000, 0x00000000ebb80000)
  object space 42496K, 18% used [0x00000000c3200000,0x00000000c39b9c48,0x00000000c5b80000)
 Metaspace       used 20444K, capacity 21148K, committed 21248K, reserved 1067008K
  class space    used 2570K, capacity 2750K, committed 2816K, reserved 1048576K
Event: 74.051 GC heap after
Heap after GC invocations=20 (full 1):
 PSYoungGen      total 19456K, used 0K [0x00000000ebb80000, 0x00000000ed280000, 0x0000000100000000)
  eden space 15360K, 0% used [0x00000000ebb80000,0x00000000ebb80000,0x00000000eca80000)
  from space 4096K, 0% used [0x00000000eca80000,0x00000000eca80000,0x00000000ece80000)
  to   space 4096K, 0% used [0x00000000ece80000,0x00000000ece80000,0x00000000ed280000)
 ParOldGen       total 33792K, used 6071K [0x00000000c3200000, 0x00000000c5300000, 0x00000000ebb80000)
  object space 33792K, 17% used [0x00000000c3200000,0x00000000c37edf78,0x00000000c5300000)
 Metaspace       used 20444K, capacity 21148K, committed 21248K, reserved 1067008K
  class space    used 2570K, capacity 2750K, committed 2816K, reserved 1048576K
}
Event: 74.918 GC heap before
{Heap before GC invocations=21 (full 1):
 PSYoungGen      total 19456K, used 15360K [0x00000000ebb80000, 0x00000000ed280000, 0x0000000100000000)
  eden space 15360K, 100% used [0x00000000ebb80000,0x00000000eca80000,0x00000000eca80000)
  from space 4096K, 0% used [0x00000000eca80000,0x00000000eca80000,0x00000000ece80000)
  to   space 4096K, 0% used [0x00000000ece80000,0x00000000ece80000,0x00000000ed280000)
 ParOldGen       total 33792K, used 6071K [0x00000000c3200000, 0x00000000c5300000, 0x00000000ebb80000)
  object space 33792K, 17% used [0x00000000c3200000,0x00000000c37edf78,0x00000000c5300000)
 Metaspace       used 20585K, capacity 21382K, committed 21504K, reserved 1069056K
  class space    used 2592K, capacity 2757K, committed 2816K, reserved 1048576K
Event: 74.926 GC heap after
Heap after GC invocations=21 (full 1):
 PSYoungGen      total 19968K, used 480K [0x00000000ebb80000, 0x00000000ed380000, 0x0000000100000000)
  eden space 15872K, 0% used [0x00000000ebb80000,0x00000000ebb80000,0x00000000ecb00000)
  from space 4096K, 11% used [0x00000000ece80000,0x00000000ecef8000,0x00000000ed280000)
  to   space 3584K, 0% used [0x00000000ecb00000,0x00000000ecb00000,0x00000000ece80000)
 ParOldGen       total 33792K, used 6079K [0x00000000c3200000, 0x00000000c5300000, 0x00000000ebb80000)
  object space 33792K, 17% used [0x00000000c3200000,0x00000000c37eff78,0x00000000c5300000)
 Metaspace       used 20585K, capacity 21382K, committed 21504K, reserved 1069056K
  class space    used 2592K, capacity 2757K, committed 2816K, reserved 1048576K
}
Event: 76.479 GC heap before
{Heap before GC invocations=22 (full 1):
 PSYoungGen      total 19968K, used 16352K [0x00000000ebb80000, 0x00000000ed380000, 0x0000000100000000)
  eden space 15872K, 100% used [0x00000000ebb80000,0x00000000ecb00000,0x00000000ecb00000)
  from space 4096K, 11% used [0x00000000ece80000,0x00000000ecef8000,0x00000000ed280000)
  to   space 3584K, 0% used [0x00000000ecb00000,0x00000000ecb00000,0x00000000ece80000)
 ParOldGen       total 33792K, used 6079K [0x00000000c3200000, 0x00000000c5300000, 0x00000000ebb80000)
  object space 33792K, 17% used [0x00000000c3200000,0x00000000c37eff78,0x00000000c5300000)
 Metaspace       used 20841K, capacity 21598K, committed 21760K, reserved 1069056K
  class space    used 2626K, capacity 2801K, committed 2816K, reserved 1048576K
Event: 76.487 GC heap after
Heap after GC invocations=22 (full 1):
 PSYoungGen      total 19456K, used 880K [0x00000000ebb80000, 0x00000000ed400000, 0x0000000100000000)
  eden space 15872K, 0% used [0x00000000ebb80000,0x00000000ebb80000,0x00000000ecb00000)
  from space 3584K, 24% used [0x00000000ecb00000,0x00000000ecbdc2c0,0x00000000ece80000)
  to   space 3584K, 0% used [0x00000000ed080000,0x00000000ed080000,0x00000000ed400000)
 ParOldGen       total 33792K, used 6087K [0x00000000c3200000, 0x00000000c5300000, 0x00000000ebb80000)
  object space 33792K, 18% used [0x00000000c3200000,0x00000000c37f1f78,0x00000000c5300000)
 Metaspace       used 20841K, capacity 21598K, committed 21760K, reserved 1069056K
  class space    used 2626K, capacity 2801K, committed 2816K, reserved 1048576K
}
Event: 80.097 GC heap before
{Heap before GC invocations=23 (full 1):
 PSYoungGen      total 19456K, used 16752K [0x00000000ebb80000, 0x00000000ed400000, 0x0000000100000000)
  eden space 15872K, 100% used [0x00000000ebb80000,0x00000000ecb00000,0x00000000ecb00000)
  from space 3584K, 24% used [0x00000000ecb00000,0x00000000ecbdc2c0,0x00000000ece80000)
  to   space 3584K, 0% used [0x00000000ed080000,0x00000000ed080000,0x00000000ed400000)
 ParOldGen       total 33792K, used 6087K [0x00000000c3200000, 0x00000000c5300000, 0x00000000ebb80000)
  object space 33792K, 18% used [0x00000000c3200000,0x00000000c37f1f78,0x00000000c5300000)
 Metaspace       used 21582K, capacity 22414K, committed 22656K, reserved 1069056K
  class space    used 2724K, capacity 2915K, committed 2944K, reserved 1048576K
Event: 80.099 GC heap after
Heap after GC invocations=23 (full 1):
 PSYoungGen      total 21504K, used 1440K [0x00000000ebb80000, 0x00000000ed400000, 0x0000000100000000)
  eden space 17920K, 0% used [0x00000000ebb80000,0x00000000ebb80000,0x00000000ecd00000)
  from space 3584K, 40% used [0x00000000ed080000,0x00000000ed1e8010,0x00000000ed400000)
  to   space 3584K, 0% used [0x00000000ecd00000,0x00000000ecd00000,0x00000000ed080000)
 ParOldGen       total 33792K, used 6095K [0x00000000c3200000, 0x00000000c5300000, 0x00000000ebb80000)
  object space 33792K, 18% used [0x00000000c3200000,0x00000000c37f3f78,0x00000000c5300000)
 Metaspace       used 21582K, capacity 22414K, committed 22656K, reserved 1069056K
  class space    used 2724K, capacity 2915K, committed 2944K, reserved 1048576K
}

